Build started 08/06/2016 15:49:48.
     1>Project "D:\Documents de Corentin\Documents\ULB\MA2\INFO-H-503\Projet\src\PROJECT-INFO-H-503.vcxproj" on node 2 (Build target(s)).
     1>ClCompile:
         C:\Program Files (x86)\Microsoft Visual Studio 12.0\VC\bin\CL.exe /c /I"..\libs\freeimage-3.17.0\include" /I"..\libs\stb_image-2.12\include" /I"..\libs\stb_image_write-1.02\include" /I"C:\Program Files\NVIDIA GPU Computing Toolkit\CUDA\v7.5\include" /I"C:\Program Files\NVIDIA GPU Computing Toolkit\CUDA\v7.5\include" /ZI /nologo /W3 /WX- /Od /Oy- /D WIN32 /D _DEBUG /D _CONSOLE /D _MBCS /Gm /EHsc /RTC1 /MDd /GS /fp:precise /Zc:wchar_t /Zc:forScope /Fo"Debug\\" /Fd"Debug\vc120.pdb" /Gd /TP /analyze- /errorReport:prompt main.cpp
         main.cpp
     1>d:\documents de corentin\documents\ulb\ma2\info-h-503\projet\libs\stb_image_write-1.02\include\stb_image_write.h(196): warning C4996: 'fopen': This function or variable may be unsafe. Consider using fopen_s instead. To disable deprecation, use _CRT_SECURE_NO_WARNINGS. See online help for details.
                 c:\program files (x86)\microsoft visual studio 12.0\vc\include\stdio.h(211) : see declaration of 'fopen'
     1>d:\documents de corentin\documents\ulb\ma2\info-h-503\projet\libs\stb_image_write-1.02\include\stb_image_write.h(590): warning C4996: 'sprintf': This function or variable may be unsafe. Consider using sprintf_s instead. To disable deprecation, use _CRT_SECURE_NO_WARNINGS. See online help for details.
                 c:\program files (x86)\microsoft visual studio 12.0\vc\include\stdio.h(356) : see declaration of 'sprintf'
     1>d:\documents de corentin\documents\ulb\ma2\info-h-503\projet\libs\stb_image_write-1.02\include\stb_image_write.h(972): warning C4996: 'fopen': This function or variable may be unsafe. Consider using fopen_s instead. To disable deprecation, use _CRT_SECURE_NO_WARNINGS. See online help for details.
                 c:\program files (x86)\microsoft visual studio 12.0\vc\include\stdio.h(211) : see declaration of 'fopen'
     1>d:\documents de corentin\documents\ulb\ma2\info-h-503\projet\src\main.cpp(171): warning C4244: 'argument' : conversion from 'int' to 'float', possible loss of data
       Link:
         C:\Program Files (x86)\Microsoft Visual Studio 12.0\VC\bin\link.exe /ERRORREPORT:PROMPT /OUT:"D:\Documents de Corentin\Documents\ULB\MA2\INFO-H-503\Projet\src\Debug\Project-INFO-H-503.exe" /INCREMENTAL /NOLOGO /LIBPATH:"C:\Program Files\NVIDIA GPU Computing Toolkit\CUDA\v7.5\lib\Win32" cudart.lib kernel32.lib user32.lib gdi32.lib winspool.lib comdlg32.lib advapi32.lib shell32.lib ole32.lib oleaut32.lib uuid.lib odbc32.lib odbccp32.lib kernel32.lib user32.lib gdi32.lib winspool.lib comdlg32.lib advapi32.lib shell32.lib ole32.lib oleaut32.lib uuid.lib odbc32.lib odbccp32.lib /MANIFEST /MANIFESTUAC:"level='asInvoker' uiAccess='false'" /manifest:embed /DEBUG /PDB:"D:\Documents de Corentin\Documents\ULB\MA2\INFO-H-503\Projet\src\Debug\Project-INFO-H-503.pdb" /SUBSYSTEM:CONSOLE /TLBID:1 /DYNAMICBASE /NXCOMPAT /IMPLIB:"D:\Documents de Corentin\Documents\ULB\MA2\INFO-H-503\Projet\src\Debug\Project-INFO-H-503.lib" /MACHINE:X86 Debug\gpuRegistration.cu.obj
         Debug\main.obj
         PROJECT-INFO-H-503.vcxproj -> D:\Documents de Corentin\Documents\ULB\MA2\INFO-H-503\Projet\src\Debug\Project-INFO-H-503.exe
       PostBuildEvent:
         echo copy "C:\Program Files\NVIDIA GPU Computing Toolkit\CUDA\v7.5\bin\cudart*.dll" "D:\Documents de Corentin\Documents\ULB\MA2\INFO-H-503\Projet\src\Debug\"
         copy "C:\Program Files\NVIDIA GPU Computing Toolkit\CUDA\v7.5\bin\cudart*.dll" "D:\Documents de Corentin\Documents\ULB\MA2\INFO-H-503\Projet\src\Debug\"
         :VCEnd
         copy "C:\Program Files\NVIDIA GPU Computing Toolkit\CUDA\v7.5\bin\cudart*.dll" "D:\Documents de Corentin\Documents\ULB\MA2\INFO-H-503\Projet\src\Debug\"
         C:\Program Files\NVIDIA GPU Computing Toolkit\CUDA\v7.5\bin\cudart32_75.dll
         C:\Program Files\NVIDIA GPU Computing Toolkit\CUDA\v7.5\bin\cudart64_75.dll
                 2 fichier(s) copié(s).
     1>Done Building Project "D:\Documents de Corentin\Documents\ULB\MA2\INFO-H-503\Projet\src\PROJECT-INFO-H-503.vcxproj" (Build target(s)).

Build succeeded.

Time Elapsed 00:00:01.06
