Build started 09/06/2016 20:16:36.
     1>Project "D:\Documents de Corentin\Documents\ULB\MA2\INFO-H-503\Projet\src\PROJECT-INFO-H-503.vcxproj" on node 2 (Build target(s)).
     1>AddCudaCompileDeps:
         C:\Program Files (x86)\Microsoft Visual Studio 12.0\VC\bin\cl.exe /E /nologo /showIncludes /TP /D__CUDACC__ /DWIN32 /DNDEBUG /D_CONSOLE /D_MBCS /I..\libs\freeimage-3.17.0\include /I..\libs\stb_image-2.12\include /I..\libs\stb_image_write-1.02\include /I"C:\Program Files\NVIDIA GPU Computing Toolkit\CUDA\v7.5\include" /I"C:\Program Files\NVIDIA GPU Computing Toolkit\CUDA\v7.5\include" /I"C:\Program Files\NVIDIA GPU Computing Toolkit\CUDA\v7.5\bin" /I"C:\Program Files\NVIDIA GPU Computing Toolkit\CUDA\v7.5\include" /I. /FIcuda_runtime.h /c "D:\Documents de Corentin\Documents\ULB\MA2\INFO-H-503\Projet\src\gpuRegistration.cu" 
       CudaBuild:
         Compiling CUDA source file gpuRegistration.cu...
         cmd.exe /C "C:\Users\Corentin\AppData\Local\Temp\tmp9415d81c09c646c495c3a39b19a10bed.cmd"
         "C:\Program Files\NVIDIA GPU Computing Toolkit\CUDA\v7.5\bin\nvcc.exe" -gencode=arch=compute_20,code=\"sm_20,compute_20\" --use-local-env --cl-version 2013 -ccbin "C:\Program Files (x86)\Microsoft Visual Studio 12.0\VC\bin"  -I"..\libs\freeimage-3.17.0\include" -I"..\libs\stb_image-2.12\include" -I"..\libs\stb_image_write-1.02\include" -I"C:\Program Files\NVIDIA GPU Computing Toolkit\CUDA\v7.5\include" -I"C:\Program Files\NVIDIA GPU Computing Toolkit\CUDA\v7.5\include" -I"C:\Program Files\NVIDIA GPU Computing Toolkit\CUDA\v7.5\include"     --keep-dir Release -maxrregcount=0  --machine 32 --compile -cudart static     -DWIN32 -DNDEBUG -D_CONSOLE -D_MBCS -Xcompiler "/EHsc /W3 /nologo /O2 /Zi  /MD " -o Release\gpuRegistration.cu.obj "D:\Documents de Corentin\Documents\ULB\MA2\INFO-H-503\Projet\src\gpuRegistration.cu"
         
         D:\Documents de Corentin\Documents\ULB\MA2\INFO-H-503\Projet\src>"C:\Program Files\NVIDIA GPU Computing Toolkit\CUDA\v7.5\bin\nvcc.exe" -gencode=arch=compute_20,code=\"sm_20,compute_20\" --use-local-env --cl-version 2013 -ccbin "C:\Program Files (x86)\Microsoft Visual Studio 12.0\VC\bin"  -I"..\libs\freeimage-3.17.0\include" -I"..\libs\stb_image-2.12\include" -I"..\libs\stb_image_write-1.02\include" -I"C:\Program Files\NVIDIA GPU Computing Toolkit\CUDA\v7.5\include" -I"C:\Program Files\NVIDIA GPU Computing Toolkit\CUDA\v7.5\include" -I"C:\Program Files\NVIDIA GPU Computing Toolkit\CUDA\v7.5\include"     --keep-dir Release -maxrregcount=0  --machine 32 --compile -cudart static     -DWIN32 -DNDEBUG -D_CONSOLE -D_MBCS -Xcompiler "/EHsc /W3 /nologo /O2 /Zi  /MD " -o Release\gpuRegistration.cu.obj "D:\Documents de Corentin\Documents\ULB\MA2\INFO-H-503\Projet\src\gpuRegistration.cu" 
         gpuRegistration.cu
     1>D:/Documents de Corentin/Documents/ULB/MA2/INFO-H-503/Projet/src/gpuRegistration.cu(246): warning C4244: 'argument' : conversion from 'int' to 'float', possible loss of data
       ClCompile:
         C:\Program Files (x86)\Microsoft Visual Studio 12.0\VC\bin\CL.exe /c /I"..\libs\freeimage-3.17.0\include" /I"..\libs\stb_image-2.12\include" /I"..\libs\stb_image_write-1.02\include" /I"C:\Program Files\NVIDIA GPU Computing Toolkit\CUDA\v7.5\include" /I"C:\Program Files\NVIDIA GPU Computing Toolkit\CUDA\v7.5\include" /Zi /nologo /W3 /WX- /O2 /Oi /Oy- /GL /D WIN32 /D NDEBUG /D _CONSOLE /D _MBCS /Gm- /EHsc /MD /GS /Gy /fp:precise /Zc:wchar_t /Zc:forScope /Fo"Release\\" /Fd"Release\vc120.pdb" /Gd /TP /analyze- /errorReport:prompt main.cpp cpuRegistration.cpp
         main.cpp
     1>D:\Documents de Corentin\Documents\ULB\MA2\INFO-H-503\Projet\libs\stb_image_write-1.02\include\stb_image_write.h(196): warning C4996: 'fopen': This function or variable may be unsafe. Consider using fopen_s instead. To disable deprecation, use _CRT_SECURE_NO_WARNINGS. See online help for details.
                 C:\Program Files (x86)\Microsoft Visual Studio 12.0\VC\include\stdio.h(211) : see declaration of 'fopen'
     1>D:\Documents de Corentin\Documents\ULB\MA2\INFO-H-503\Projet\libs\stb_image_write-1.02\include\stb_image_write.h(590): warning C4996: 'sprintf': This function or variable may be unsafe. Consider using sprintf_s instead. To disable deprecation, use _CRT_SECURE_NO_WARNINGS. See online help for details.
                 C:\Program Files (x86)\Microsoft Visual Studio 12.0\VC\include\stdio.h(356) : see declaration of 'sprintf'
     1>D:\Documents de Corentin\Documents\ULB\MA2\INFO-H-503\Projet\libs\stb_image_write-1.02\include\stb_image_write.h(972): warning C4996: 'fopen': This function or variable may be unsafe. Consider using fopen_s instead. To disable deprecation, use _CRT_SECURE_NO_WARNINGS. See online help for details.
                 C:\Program Files (x86)\Microsoft Visual Studio 12.0\VC\include\stdio.h(211) : see declaration of 'fopen'
         cpuRegistration.cpp
     1>cpuRegistration.cpp(127): warning C4244: 'argument' : conversion from 'int' to 'float', possible loss of data
       Link:
         C:\Program Files (x86)\Microsoft Visual Studio 12.0\VC\bin\link.exe /ERRORREPORT:PROMPT /OUT:"D:\Documents de Corentin\Documents\ULB\MA2\INFO-H-503\Projet\src\Release\Project-INFO-H-503.exe" /NOLOGO /LIBPATH:"C:\Program Files\NVIDIA GPU Computing Toolkit\CUDA\v7.5\lib\Win32" cudart.lib kernel32.lib user32.lib gdi32.lib winspool.lib comdlg32.lib advapi32.lib shell32.lib ole32.lib oleaut32.lib uuid.lib odbc32.lib odbccp32.lib kernel32.lib user32.lib gdi32.lib winspool.lib comdlg32.lib advapi32.lib shell32.lib ole32.lib oleaut32.lib uuid.lib odbc32.lib odbccp32.lib /MANIFEST /MANIFESTUAC:"level='asInvoker' uiAccess='false'" /manifest:embed /DEBUG /PDB:"D:\Documents de Corentin\Documents\ULB\MA2\INFO-H-503\Projet\src\Release\Project-INFO-H-503.pdb" /SUBSYSTEM:CONSOLE /OPT:REF /OPT:ICF /LTCG /TLBID:1 /DYNAMICBASE /NXCOMPAT /IMPLIB:"D:\Documents de Corentin\Documents\ULB\MA2\INFO-H-503\Projet\src\Release\Project-INFO-H-503.lib" /MACHINE:X86 /SAFESEH Release\gpuRegistration.cu.obj
         Release\main.obj
         Release\cpuRegistration.obj
         Generating code
         Finished generating code
         PROJECT-INFO-H-503.vcxproj -> D:\Documents de Corentin\Documents\ULB\MA2\INFO-H-503\Projet\src\Release\Project-INFO-H-503.exe
       PostBuildEvent:
         echo copy "C:\Program Files\NVIDIA GPU Computing Toolkit\CUDA\v7.5\bin\cudart*.dll" "D:\Documents de Corentin\Documents\ULB\MA2\INFO-H-503\Projet\src\Release\"
         copy "C:\Program Files\NVIDIA GPU Computing Toolkit\CUDA\v7.5\bin\cudart*.dll" "D:\Documents de Corentin\Documents\ULB\MA2\INFO-H-503\Projet\src\Release\"
         :VCEnd
         copy "C:\Program Files\NVIDIA GPU Computing Toolkit\CUDA\v7.5\bin\cudart*.dll" "D:\Documents de Corentin\Documents\ULB\MA2\INFO-H-503\Projet\src\Release\"
         C:\Program Files\NVIDIA GPU Computing Toolkit\CUDA\v7.5\bin\cudart32_75.dll
         C:\Program Files\NVIDIA GPU Computing Toolkit\CUDA\v7.5\bin\cudart64_75.dll
                 2 fichier(s) copié(s).
     1>Done Building Project "D:\Documents de Corentin\Documents\ULB\MA2\INFO-H-503\Projet\src\PROJECT-INFO-H-503.vcxproj" (Build target(s)).

Build succeeded.

Time Elapsed 00:00:16.27
